#
# There is insufficient memory for the Java Runtime Environment to continue.
# Native memory allocation (mmap) failed to map 234881024 bytes for G1 virtual space
# Possible reasons:
#   The system is out of physical RAM or swap space
#   The process is running with CompressedOops enabled, and the Java Heap may be blocking the growth of the native heap
# Possible solutions:
#   Reduce memory load on the system
#   Increase physical memory or swap space
#   Check if swap backing store is full
#   Decrease Java heap size (-Xmx/-Xms)
#   Decrease number of Java threads
#   Decrease Java thread stack sizes (-Xss)
#   Set larger code cache with -XX:ReservedCodeCacheSize=
#   JVM is running with Zero Based Compressed Oops mode in which the Java heap is
#     placed in the first 32GB address space. The Java Heap base address is the
#     maximum limit for the native heap growth. Please use -XX:HeapBaseMinAddress
#     to set the Java Heap base and to place the Java Heap above 32GB virtual address.
# This output file may be truncated or incomplete.
#
#  Out of Memory Error (os_windows.cpp:3600), pid=27368, tid=16356
#
# JRE version:  (21.0+35) (build )
# Java VM: Java HotSpot(TM) 64-Bit Server VM (21+35-LTS-2513, mixed mode, sharing, tiered, compressed oops, compressed class ptrs, g1 gc, windows-amd64)
# No core dump will be written. Minidumps are not enabled by default on client versions of Windows
#

---------------  S U M M A R Y ------------

Command Line: -javaagent:C:\Program Files\JetBrains\IntelliJ IDEA 2025.3.1\lib\idea_rt.jar=49817 -Dfile.encoding=UTF-8 -Dsun.stdout.encoding=UTF-8 -Dsun.stderr.encoding=UTF-8 --module-path=C:\Users\alexc\.m2\repository\org\openjfx\javafx-base\21.0.6\javafx-base-21.0.6-win.jar;C:\Users\alexc\.m2\repository\org\openjfx\javafx-fxml\21.0.6\javafx-fxml-21.0.6-win.jar;C:\Integradora\utez-2e-biblioteca-javafx-equipo01\BibliotecaEscolar\target\classes;C:\Users\alexc\.m2\repository\org\openjfx\javafx-graphics\21.0.6\javafx-graphics-21.0.6-win.jar;C:\Users\alexc\.m2\repository\org\openjfx\javafx-controls\21.0.6\javafx-controls-21.0.6-win.jar;C:\Users\alexc\.m2\repository\org\kordamp\bootstrapfx\bootstrapfx-core\0.4.0\bootstrapfx-core-0.4.0.jar -Djdk.module.main=com.example.bibliotecaescolar com.example.bibliotecaescolar/com.example.bibliotecaescolar.Launcher

Host: AMD Ryzen 5 3450U with Radeon Vega Mobile Gfx  , 8 cores, 13G,  Windows 11 , 64 bit Build 26100 (10.0.26100.7920)
Time: Tue Mar 24 07:14:53 2026 Hora estándar central (México) elapsed time: 0.043953 seconds (0d 0h 0m 0s)

---------------  T H R E A D  ---------------

Current thread (0x0000021688de2970):  JavaThread "Unknown thread" [_thread_in_vm, id=16356, stack(0x000000ed94200000,0x000000ed94300000) (1024K)]

Stack: [0x000000ed94200000,0x000000ed94300000]
Native frames: (J=compiled Java code, j=interpreted, Vv=VM code, C=native code)
V  [jvm.dll+0x6c8d39]
V  [jvm.dll+0x854091]
V  [jvm.dll+0x85630e]
V  [jvm.dll+0x8569e3]
V  [jvm.dll+0x2809a6]
V  [jvm.dll+0x6c5425]
V  [jvm.dll+0x6b9e1a]
V  [jvm.dll+0x3555ba]
V  [jvm.dll+0x35d206]
V  [jvm.dll+0x3adf6e]
V  [jvm.dll+0x3ae218]
V  [jvm.dll+0x328fcc]
V  [jvm.dll+0x329b5b]
V  [jvm.dll+0x81c699]
V  [jvm.dll+0x3bb2a1]
V  [jvm.dll+0x805688]
V  [jvm.dll+0x44ed9e]
V  [jvm.dll+0x4506a1]
C  [jli.dll+0x52a3]
C  [ucrtbase.dll+0x37b0]
C  [KERNEL32.DLL+0x2e8d7]
C  [ntdll.dll+0x8c48c]


---------------  P R O C E S S  ---------------

Threads class SMR info:
_java_thread_list=0x00007fff9f327b48, length=0, elements={
}

Java Threads: ( => current thread )
Total: 0

Other Threads:
  0x00000216891b1e70 WorkerThread "GC Thread#0"                     [id=16428, stack(0x000000ed94300000,0x000000ed94400000) (1024K)]
  0x00000216891c2320 ConcurrentGCThread "G1 Main Marker"            [id=28792, stack(0x000000ed94400000,0x000000ed94500000) (1024K)]
  0x00000216891c2e20 WorkerThread "G1 Conc#0"                       [id=22184, stack(0x000000ed94500000,0x000000ed94600000) (1024K)]

[error occurred during error reporting (printing all threads), id 0xc0000005, EXCEPTION_ACCESS_VIOLATION (0xc0000005) at pc=0x00007fff9ea9c097]
VM state: not at safepoint (not fully initialized)

VM Mutex/Monitor currently owned by a thread:  ([mutex/lock_event])
[0x00007fff9f398648] Heap_lock - owner thread: 0x0000021688de2970

Heap address: 0x0000000721c00000, size: 3556 MB, Compressed Oops mode: Zero based, Oop shift amount: 3

CDS archive(s) mapped at: [0x0000000000000000-0x0000000000000000-0x0000000000000000), size 0, SharedBaseAddress: 0x0000000800000000, ArchiveRelocationMode: 1.
Narrow klass base: 0x0000000000000000, Narrow klass shift: 0, Narrow klass range: 0x0

GC Precious Log:
 CardTable entry size: 512
 Card Set container configuration: InlinePtr #cards 4 size 8 Array Of Cards #cards 16 size 48 Howl #buckets 8 coarsen threshold 3686 Howl Bitmap #cards 512 size 80 coarsen threshold 460 Card regions per heap region 1 cards per card region 4096

Heap:
 garbage-first heap   total 0K, used 0K [0x0000000721c00000, 0x0000000800000000)
  region size 2048K, 0 young (0K), 0 survivors (0K)

[error occurred during error reporting (printing heap information), id 0xc0000005, EXCEPTION_ACCESS_VIOLATION (0xc0000005) at pc=0x00007fff9ee81939]
GC Heap History (0 events):
No events

Dll operation events (1 events):
Event: 0.032 Loaded shared library C:\Program Files\Java\jdk-21\bin\java.dll

Deoptimization events (0 events):
No events

Classes loaded (0 events):
No events

Classes unloaded (0 events):
No events

Classes redefined (0 events):
No events

Internal exceptions (0 events):
No events

ZGC Phase Switch (0 events):
No events

VM Operations (0 events):
No events

Events (0 events):
No events


Dynamic libraries:
0x00007ff6e0160000 - 0x00007ff6e0170000 	C:\Program Files\Java\jdk-21\bin\java.exe
0x00007ff8425c0000 - 0x00007ff842827000 	C:\WINDOWS\SYSTEM32\ntdll.dll
0x00007ff840be0000 - 0x00007ff840ca9000 	C:\WINDOWS\System32\KERNEL32.DLL
0x00007ff83f940000 - 0x00007ff83fd31000 	C:\WINDOWS\System32\KERNELBASE.dll
0x00007ff83ef50000 - 0x00007ff83f09b000 	C:\WINDOWS\System32\ucrtbase.dll
0x00007ff812410000 - 0x00007ff81242b000 	C:\Program Files\Java\jdk-21\bin\VCRUNTIME140.dll
0x00007ff8236b0000 - 0x00007ff8236c9000 	C:\Program Files\Java\jdk-21\bin\jli.dll
0x00007ff841bd0000 - 0x00007ff841c8b000 	C:\WINDOWS\System32\ADVAPI32.dll
0x00007ff841f40000 - 0x00007ff841fe9000 	C:\WINDOWS\System32\msvcrt.dll
0x00007ff8408b0000 - 0x00007ff840957000 	C:\WINDOWS\System32\sechost.dll
0x00007ff840540000 - 0x00007ff840658000 	C:\WINDOWS\System32\RPCRT4.dll
0x00007ff840360000 - 0x00007ff840525000 	C:\WINDOWS\System32\USER32.dll
0x00007ff83f910000 - 0x00007ff83f937000 	C:\WINDOWS\System32\win32u.dll
0x00007ff82ef50000 - 0x00007ff82f1e3000 	C:\WINDOWS\WinSxS\amd64_microsoft.windows.common-controls_6595b64144ccf1df_6.0.26100.8037_none_3e092faae333b53b\COMCTL32.dll
0x00007ff841980000 - 0x00007ff8419ab000 	C:\WINDOWS\System32\GDI32.dll
0x00007ff840230000 - 0x00007ff84035b000 	C:\WINDOWS\System32\gdi32full.dll
0x00007ff840180000 - 0x00007ff840223000 	C:\WINDOWS\System32\msvcp_win.dll
0x00007ff838f70000 - 0x00007ff838f7b000 	C:\WINDOWS\SYSTEM32\VERSION.dll
0x00007ff841b90000 - 0x00007ff841bc1000 	C:\WINDOWS\System32\IMM32.DLL
0x00007ff823550000 - 0x00007ff82355c000 	C:\Program Files\Java\jdk-21\bin\vcruntime140_1.dll
0x00007fffe3e30000 - 0x00007fffe3ebe000 	C:\Program Files\Java\jdk-21\bin\msvcp140.dll
0x00007fff9e760000 - 0x00007fff9f473000 	C:\Program Files\Java\jdk-21\bin\server\jvm.dll
0x00007ff841900000 - 0x00007ff841974000 	C:\WINDOWS\System32\WS2_32.dll
0x00007ff83ed00000 - 0x00007ff83ed5e000 	C:\WINDOWS\SYSTEM32\POWRPROF.dll
0x00007ff838f30000 - 0x00007ff838f65000 	C:\WINDOWS\SYSTEM32\WINMM.dll
0x00007ff83ece0000 - 0x00007ff83ecf4000 	C:\WINDOWS\SYSTEM32\UMPDC.dll
0x00007ff83dc30000 - 0x00007ff83dc4b000 	C:\WINDOWS\SYSTEM32\kernel.appcore.dll
0x00007ff8232d0000 - 0x00007ff8232da000 	C:\Program Files\Java\jdk-21\bin\jimage.dll
0x00007ff833fd0000 - 0x00007ff834212000 	C:\WINDOWS\SYSTEM32\DBGHELP.DLL
0x00007ff841570000 - 0x00007ff8418f2000 	C:\WINDOWS\System32\combase.dll
0x00007ff841e00000 - 0x00007ff841ed7000 	C:\WINDOWS\System32\OLEAUT32.dll
0x00007ff82cd20000 - 0x00007ff82cd5b000 	C:\WINDOWS\SYSTEM32\dbgcore.DLL
0x00007ff83eea0000 - 0x00007ff83ef45000 	C:\WINDOWS\System32\bcryptPrimitives.dll
0x00007ff8223f0000 - 0x00007ff8223ff000 	C:\Program Files\Java\jdk-21\bin\instrument.dll
0x00007ff80b660000 - 0x00007ff80b67f000 	C:\Program Files\Java\jdk-21\bin\java.dll

dbghelp: loaded successfully - version: 4.0.5 - missing functions: none
symbol engine: initialized successfully - sym options: 0x614 - pdb path: .;C:\Program Files\Java\jdk-21\bin;C:\WINDOWS\SYSTEM32;C:\WINDOWS\WinSxS\amd64_microsoft.windows.common-controls_6595b64144ccf1df_6.0.26100.8037_none_3e092faae333b53b;C:\Program Files\Java\jdk-21\bin\server

VM Arguments:
jvm_args: -javaagent:C:\Program Files\JetBrains\IntelliJ IDEA 2025.3.1\lib\idea_rt.jar=49817 -Dfile.encoding=UTF-8 -Dsun.stdout.encoding=UTF-8 -Dsun.stderr.encoding=UTF-8 --module-path=C:\Users\alexc\.m2\repository\org\openjfx\javafx-base\21.0.6\javafx-base-21.0.6-win.jar;C:\Users\alexc\.m2\repository\org\openjfx\javafx-fxml\21.0.6\javafx-fxml-21.0.6-win.jar;C:\Integradora\utez-2e-biblioteca-javafx-equipo01\BibliotecaEscolar\target\classes;C:\Users\alexc\.m2\repository\org\openjfx\javafx-graphics\21.0.6\javafx-graphics-21.0.6-win.jar;C:\Users\alexc\.m2\repository\org\openjfx\javafx-controls\21.0.6\javafx-controls-21.0.6-win.jar;C:\Users\alexc\.m2\repository\org\kordamp\bootstrapfx\bootstrapfx-core\0.4.0\bootstrapfx-core-0.4.0.jar -Djdk.module.main=com.example.bibliotecaescolar 
java_command: com.example.bibliotecaescolar/com.example.bibliotecaescolar.Launcher
java_class_path (initial): C:\Users\alexc\.m2\repository\org\openjfx\javafx-controls\21.0.6\javafx-controls-21.0.6.jar;C:\Users\alexc\.m2\repository\org\openjfx\javafx-graphics\21.0.6\javafx-graphics-21.0.6.jar;C:\Users\alexc\.m2\repository\org\openjfx\javafx-base\21.0.6\javafx-base-21.0.6.jar;C:\Users\alexc\.m2\repository\org\openjfx\javafx-fxml\21.0.6\javafx-fxml-21.0.6.jar
Launcher Type: SUN_STANDARD

[Global flags]
     intx CICompilerCount                          = 4                                         {product} {ergonomic}
     uint ConcGCThreads                            = 2                                         {product} {ergonomic}
     uint G1ConcRefinementThreads                  = 8                                         {product} {ergonomic}
   size_t G1HeapRegionSize                         = 2097152                                   {product} {ergonomic}
    uintx GCDrainStackTargetSize                   = 64                                        {product} {ergonomic}
   size_t InitialHeapSize                          = 234881024                                 {product} {ergonomic}
   size_t MarkStackSize                            = 4194304                                   {product} {ergonomic}
   size_t MaxHeapSize                              = 3728736256                                {product} {ergonomic}
   size_t MinHeapDeltaBytes                        = 2097152                                   {product} {ergonomic}
   size_t MinHeapSize                              = 8388608                                   {product} {ergonomic}
    uintx NonNMethodCodeHeapSize                   = 5839372                                {pd product} {ergonomic}
    uintx NonProfiledCodeHeapSize                  = 122909434                              {pd product} {ergonomic}
    uintx ProfiledCodeHeapSize                     = 122909434                              {pd product} {ergonomic}
    uintx ReservedCodeCacheSize                    = 251658240                              {pd product} {ergonomic}
     bool SegmentedCodeCache                       = true                                      {product} {ergonomic}
   size_t SoftMaxHeapSize                          = 3728736256                             {manageable} {ergonomic}
     bool UseCompressedOops                        = true                           {product lp64_product} {ergonomic}
     bool UseG1GC                                  = true                                      {product} {ergonomic}
     bool UseLargePagesIndividualAllocation        = false                                  {pd product} {ergonomic}

Logging:
Log output configuration:
 #0: stdout all=warning uptime,level,tags foldmultilines=false
 #1: stderr all=off uptime,level,tags foldmultilines=false

Environment Variables:
PATH=C:\Program Files\Eclipse Adoptium\jdk-25.0.0.36-hotspot\bin;C:\Program Files\Common Files\Oracle\Java\javapath;C:\WINDOWS\system32;C:\WINDOWS;C:\WINDOWS\System32\Wbem;C:\WINDOWS\System32\WindowsPowerShell\v1.0\;C:\WINDOWS\System32\OpenSSH\;C:\Program Files\dotnet\;C:\Program Files\Git\cmd;C:\Program Files\PuTTY\;C:\Users\alexc\AppData\Local\Programs\Python\Launcher\;C:\Users\alexc\AppData\Local\Microsoft\WindowsApps;C:\Users\alexc\AppData\Local\Programs\Microsoft VS Code\bin;
USERNAME=alexc
OS=Windows_NT
PROCESSOR_IDENTIFIER=AMD64 Family 23 Model 24 Stepping 1, AuthenticAMD
TMP=C:\Users\alexc\AppData\Local\Temp
TEMP=C:\Users\alexc\AppData\Local\Temp




---------------  S Y S T E M  ---------------

OS:
 Windows 11 , 64 bit Build 26100 (10.0.26100.7920)
OS uptime: 8 days 3:43 hours

CPU: total 8 (initial active 8) (8 cores per cpu, 2 threads per core) family 23 model 24 stepping 1 microcode 0x810810d, cx8, cmov, fxsr, ht, mmx, 3dnowpref, sse, sse2, sse3, ssse3, sse4a, sse4.1, sse4.2, popcnt, lzcnt, tsc, tscinvbit, avx, avx2, aes, clmul, bmi1, bmi2, adx, sha, fma, vzeroupper, clflush, clflushopt, rdtscp, f16c
Processor Information for all 8 processors :
  Max Mhz: 2100, Current Mhz: 2100, Mhz Limit: 2100

Memory: 4k page, system-wide physical 14222M (1457M free)
TotalPageFile size 42370M (AvailPageFile size 103M)
current process WorkingSet (physical memory assigned to process): 13M, peak: 13M
current process commit charge ("private bytes"): 60M, peak: 284M

vm_info: Java HotSpot(TM) 64-Bit Server VM (21+35-LTS-2513) for windows-amd64 JRE (21+35-LTS-2513), built on 2023-08-09T20:25:10Z by "mach5one" with MS VC++ 17.1 (VS2022)

END.
